# JRE version: OpenJDK Runtime Environment (8.0_91-b14) (build 1.8.0_91-8u91-b14-0ubuntu4~12.04-b14)
# Java VM: OpenJDK 64-Bit Server VM (25.91-b14 mixed mode linux-amd64 compressed oops)
Heap:
 PSYoungGen      total 309248K, used 240840K [0x00000000eab00000, 0x0000000100000000, 0x0000000100000000)
  eden space 273920K, 80% used [0x00000000eab00000,0x00000000f834dcb8,0x00000000fb680000)
  from space 35328K, 54% used [0x00000000fb680000,0x00000000fc964448,0x00000000fd900000)
  to   space 34816K, 0% used [0x00000000fde00000,0x00000000fde00000,0x0000000100000000)
 ParOldGen       total 133120K, used 88395K [0x00000000c0000000, 0x00000000c8200000, 0x00000000eab00000)
  object space 133120K, 66% used [0x00000000c0000000,0x00000000c5652f28,0x00000000c8200000)
 Metaspace       used 77328K, capacity 83646K, committed 83928K, reserved 1120256K
  class space    used 10522K, capacity 12740K, committed 12800K, reserved 1048576K
GC Heap History (10 events):
Event: 45.477 GC heap before
{Heap before GC invocations=15 (full 4):
 PSYoungGen      total 312832K, used 16902K [0x00000000eab00000, 0x0000000100000000, 0x0000000100000000)
  eden space 276480K, 0% used [0x00000000eab00000,0x00000000eab00000,0x00000000fb900000)
  from space 36352K, 46% used [0x00000000fb900000,0x00000000fc981b80,0x00000000fdc80000)
  to   space 35328K, 0% used [0x00000000fdd80000,0x00000000fdd80000,0x0000000100000000)
 ParOldGen       total 133120K, used 76011K [0x00000000c0000000, 0x00000000c8200000, 0x00000000eab00000)
  object space 133120K, 57% used [0x00000000c0000000,0x00000000c4a3ae90,0x00000000c8200000)
 Metaspace       used 49567K, capacity 51814K, committed 52184K, reserved 1093632K
  class space    used 6505K, capacity 7335K, committed 7424K, reserved 1048576K
Event: 45.828 GC heap after
Heap after GC invocations=15 (full 4):
 PSYoungGen      total 312832K, used 0K [0x00000000eab00000, 0x0000000100000000, 0x0000000100000000)
  eden space 276480K, 0% used [0x00000000eab00000,0x00000000eab00000,0x00000000fb900000)
  from space 36352K, 0% used [0x00000000fb900000,0x00000000fb900000,0x00000000fdc80000)
  to   space 35328K, 0% used [0x00000000fdd80000,0x00000000fdd80000,0x0000000100000000)
 ParOldGen       total 133120K, used 53735K [0x00000000c0000000, 0x00000000c8200000, 0x00000000eab00000)
  object space 133120K, 40% used [0x00000000c0000000,0x00000000c3479ef8,0x00000000c8200000)
 Metaspace       used 49567K, capacity 51814K, committed 52184K, reserved 1093632K
  class space    used 6505K, capacity 7335K, committed 7424K, reserved 1048576K
}
Event: 67.364 GC heap before
{Heap before GC invocations=16 (full 4):
 PSYoungGen      total 312832K, used 276480K [0x00000000eab00000, 0x0000000100000000, 0x0000000100000000)
  eden space 276480K, 100% used [0x00000000eab00000,0x00000000fb900000,0x00000000fb900000)
  from space 36352K, 0% used [0x00000000fb900000,0x00000000fb900000,0x00000000fdc80000)
  to   space 35328K, 0% used [0x00000000fdd80000,0x00000000fdd80000,0x0000000100000000)
 ParOldGen       total 133120K, used 53735K [0x00000000c0000000, 0x00000000c8200000, 0x00000000eab00000)
  object space 133120K, 40% used [0x00000000c0000000,0x00000000c3479ef8,0x00000000c8200000)
 Metaspace       used 57318K, capacity 60622K, committed 60888K, reserved 1101824K
  class space    used 7633K, capacity 8856K, committed 8960K, reserved 1048576K
Event: 67.474 GC heap after
Heap after GC invocations=16 (full 4):
 PSYoungGen      total 307712K, used 28497K [0x00000000eab00000, 0x0000000100000000, 0x0000000100000000)
  eden space 272384K, 0% used [0x00000000eab00000,0x00000000eab00000,0x00000000fb500000)
  from space 35328K, 80% used [0x00000000fdd80000,0x00000000ff9545a0,0x0000000100000000)
  to   space 38400K, 0% used [0x00000000fb500000,0x00000000fb500000,0x00000000fda80000)
 ParOldGen       total 133120K, used 53743K [0x00000000c0000000, 0x00000000c8200000, 0x00000000eab00000)
  object space 133120K, 40% used [0x00000000c0000000,0x00000000c347bef8,0x00000000c8200000)
 Metaspace       used 57318K, capacity 60622K, committed 60888K, reserved 1101824K
  class space    used 7633K, capacity 8856K, committed 8960K, reserved 1048576K
}
Event: 82.581 GC heap before
{Heap before GC invocations=17 (full 4):
 PSYoungGen      total 307712K, used 300881K [0x00000000eab00000, 0x0000000100000000, 0x0000000100000000)
  eden space 272384K, 100% used [0x00000000eab00000,0x00000000fb500000,0x00000000fb500000)
  from space 35328K, 80% used [0x00000000fdd80000,0x00000000ff9545a0,0x0000000100000000)
  to   space 38400K, 0% used [0x00000000fb500000,0x00000000fb500000,0x00000000fda80000)
 ParOldGen       total 133120K, used 53743K [0x00000000c0000000, 0x00000000c8200000, 0x00000000eab00000)
  object space 133120K, 40% used [0x00000000c0000000,0x00000000c347bef8,0x00000000c8200000)
 Metaspace       used 63315K, capacity 67686K, committed 67928K, reserved 1107968K
  class space    used 8498K, capacity 10024K, committed 10112K, reserved 1048576K
Event: 82.629 GC heap after
Heap after GC invocations=17 (full 4):
 PSYoungGen      total 310784K, used 18333K [0x00000000eab00000, 0x0000000100000000, 0x0000000100000000)
  eden space 272384K, 0% used [0x00000000eab00000,0x00000000eab00000,0x00000000fb500000)
  from space 38400K, 47% used [0x00000000fb500000,0x00000000fc6e77c0,0x00000000fda80000)
  to   space 36864K, 0% used [0x00000000fdc00000,0x00000000fdc00000,0x0000000100000000)
 ParOldGen       total 133120K, used 68984K [0x00000000c0000000, 0x00000000c8200000, 0x00000000eab00000)
  object space 133120K, 51% used [0x00000000c0000000,0x00000000c435e048,0x00000000c8200000)
 Metaspace       used 63315K, capacity 67686K, committed 67928K, reserved 1107968K
  class space    used 8498K, capacity 10024K, committed 10112K, reserved 1048576K
}
Event: 529.600 GC heap before
{Heap before GC invocations=18 (full 4):
 PSYoungGen      total 310784K, used 290717K [0x00000000eab00000, 0x0000000100000000, 0x0000000100000000)
  eden space 272384K, 100% used [0x00000000eab00000,0x00000000fb500000,0x00000000fb500000)
  from space 38400K, 47% used [0x00000000fb500000,0x00000000fc6e77c0,0x00000000fda80000)
  to   space 36864K, 0% used [0x00000000fdc00000,0x00000000fdc00000,0x0000000100000000)
 ParOldGen       total 133120K, used 68984K [0x00000000c0000000, 0x00000000c8200000, 0x00000000eab00000)
  object space 133120K, 51% used [0x00000000c0000000,0x00000000c435e048,0x00000000c8200000)
 Metaspace       used 67018K, capacity 72056K, committed 72280K, reserved 1110016K
  class space    used 9108K, capacity 10869K, committed 10880K, reserved 1048576K
Event: 529.652 GC heap after
Heap after GC invocations=18 (full 4):
 PSYoungGen      total 306176K, used 13720K [0x00000000eab00000, 0x00000000ffb80000, 0x0000000100000000)
  eden space 273920K, 0% used [0x00000000eab00000,0x00000000eab00000,0x00000000fb680000)
  from space 32256K, 42% used [0x00000000fdc00000,0x00000000fe966030,0x00000000ffb80000)
  to   space 35328K, 0% used [0x00000000fb680000,0x00000000fb680000,0x00000000fd900000)
 ParOldGen       total 133120K, used 77096K [0x00000000c0000000, 0x00000000c8200000, 0x00000000eab00000)
  object space 133120K, 57% used [0x00000000c0000000,0x00000000c4b4a0a8,0x00000000c8200000)
 Metaspace       used 67018K, capacity 72056K, committed 72280K, reserved 1110016K
  class space    used 9108K, capacity 10869K, committed 10880K, reserved 1048576K
}
Event: 532.103 GC heap before
{Heap before GC invocations=19 (full 4):
 PSYoungGen      total 306176K, used 287640K [0x00000000eab00000, 0x00000000ffb80000, 0x0000000100000000)
  eden space 273920K, 100% used [0x00000000eab00000,0x00000000fb680000,0x00000000fb680000)
  from space 32256K, 42% used [0x00000000fdc00000,0x00000000fe966030,0x00000000ffb80000)
  to   space 35328K, 0% used [0x00000000fb680000,0x00000000fb680000,0x00000000fd900000)
 ParOldGen       total 133120K, used 77096K [0x00000000c0000000, 0x00000000c8200000, 0x00000000eab00000)
  object space 133120K, 57% used [0x00000000c0000000,0x00000000c4b4a0a8,0x00000000c8200000)
 Metaspace       used 74344K, capacity 80046K, committed 80216K, reserved 1118208K
  class space    used 10025K, capacity 12037K, committed 12160K, reserved 1048576K
Event: 532.145 GC heap after
Heap after GC invocations=19 (full 4):
 PSYoungGen      total 309248K, used 19345K [0x00000000eab00000, 0x0000000100000000, 0x0000000100000000)
  eden space 273920K, 0% used [0x00000000eab00000,0x00000000eab00000,0x00000000fb680000)
  from space 35328K, 54% used [0x00000000fb680000,0x00000000fc964448,0x00000000fd900000)
  to   space 34816K, 0% used [0x00000000fde00000,0x00000000fde00000,0x0000000100000000)
 ParOldGen       total 133120K, used 88395K [0x00000000c0000000, 0x00000000c8200000, 0x00000000eab00000)
  object space 133120K, 66% used [0x00000000c0000000,0x00000000c5652f28,0x00000000c8200000)
 Metaspace       used 74344K, capacity 80046K, committed 80216K, reserved 1118208K
  class space    used 10025K, capacity 12037K, committed 12160K, reserved 1048576K
}

