# JRE version: OpenJDK Runtime Environment (8.0_91-b14) (build 1.8.0_91-8u91-b14-0ubuntu4~12.04-b14)
# Java VM: OpenJDK 64-Bit Server VM (25.91-b14 mixed mode linux-amd64 compressed oops)
Heap:
 PSYoungGen      total 200704K, used 198108K [0x00000000eab00000, 0x00000000fe680000, 0x0000000100000000)
  eden space 88064K, 100% used [0x00000000eab00000,0x00000000f0100000,0x00000000f0100000)
  from space 112640K, 97% used [0x00000000f7280000,0x00000000fddf71b8,0x00000000fe080000)
  to   space 116224K, 44% used [0x00000000f0100000,0x00000000f33af898,0x00000000f7280000)
 ParOldGen       total 699392K, used 610665K [0x00000000c0000000, 0x00000000eab00000, 0x00000000eab00000)
  object space 699392K, 87% used [0x00000000c0000000,0x00000000e545a798,0x00000000eab00000)
 Metaspace       used 5720K, capacity 6928K, committed 7040K, reserved 1056768K
  class space    used 524K, capacity 584K, committed 640K, reserved 1048576K
GC Heap History (10 events):
Event: 7.218 GC heap after
Heap after GC invocations=9 (full 2):
 PSYoungGen      total 130048K, used 56817K [0x00000000eab00000, 0x00000000fa800000, 0x0000000100000000)
  eden space 73216K, 0% used [0x00000000eab00000,0x00000000eab00000,0x00000000ef280000)
  from space 56832K, 99% used [0x00000000ef280000,0x00000000f29fc628,0x00000000f2a00000)
  to   space 81920K, 0% used [0x00000000f5800000,0x00000000f5800000,0x00000000fa800000)
 ParOldGen       total 202752K, used 134062K [0x00000000c0000000, 0x00000000cc600000, 0x00000000eab00000)
  object space 202752K, 66% used [0x00000000c0000000,0x00000000c82ebab8,0x00000000cc600000)
 Metaspace       used 5342K, capacity 6608K, committed 6784K, reserved 1056768K
  class space    used 504K, capacity 584K, committed 640K, reserved 1048576K
}
Event: 7.928 GC heap before
{Heap before GC invocations=10 (full 2):
 PSYoungGen      total 130048K, used 130033K [0x00000000eab00000, 0x00000000fa800000, 0x0000000100000000)
  eden space 73216K, 100% used [0x00000000eab00000,0x00000000ef280000,0x00000000ef280000)
  from space 56832K, 99% used [0x00000000ef280000,0x00000000f29fc628,0x00000000f2a00000)
  to   space 81920K, 0% used [0x00000000f5800000,0x00000000f5800000,0x00000000fa800000)
 ParOldGen       total 202752K, used 134062K [0x00000000c0000000, 0x00000000cc600000, 0x00000000eab00000)
  object space 202752K, 66% used [0x00000000c0000000,0x00000000c82ebab8,0x00000000cc600000)
 Metaspace       used 5354K, capacity 6608K, committed 6784K, reserved 1056768K
  class space    used 504K, capacity 584K, committed 640K, reserved 1048576K
Event: 8.434 GC heap after
Heap after GC invocations=10 (full 2):
 PSYoungGen      total 154624K, used 81919K [0x00000000eab00000, 0x00000000fda00000, 0x0000000100000000)
  eden space 72704K, 0% used [0x00000000eab00000,0x00000000eab00000,0x00000000ef200000)
  from space 81920K, 99% used [0x00000000f5800000,0x00000000fa7fff58,0x00000000fa800000)
  to   space 104448K, 0% used [0x00000000ef200000,0x00000000ef200000,0x00000000f5800000)
 ParOldGen       total 202752K, used 151952K [0x00000000c0000000, 0x00000000cc600000, 0x00000000eab00000)
  object space 202752K, 74% used [0x00000000c0000000,0x00000000c9464030,0x00000000cc600000)
 Metaspace       used 5354K, capacity 6608K, committed 6784K, reserved 1056768K
  class space    used 504K, capacity 584K, committed 640K, reserved 1048576K
}
Event: 9.176 GC heap before
{Heap before GC invocations=11 (full 2):
 PSYoungGen      total 154624K, used 154623K [0x00000000eab00000, 0x00000000fda00000, 0x0000000100000000)
  eden space 72704K, 100% used [0x00000000eab00000,0x00000000ef200000,0x00000000ef200000)
  from space 81920K, 99% used [0x00000000f5800000,0x00000000fa7fff58,0x00000000fa800000)
  to   space 104448K, 0% used [0x00000000ef200000,0x00000000ef200000,0x00000000f5800000)
 ParOldGen       total 202752K, used 151952K [0x00000000c0000000, 0x00000000cc600000, 0x00000000eab00000)
  object space 202752K, 74% used [0x00000000c0000000,0x00000000c9464030,0x00000000cc600000)
 Metaspace       used 5372K, capacity 6672K, committed 6784K, reserved 1056768K
  class space    used 504K, capacity 584K, committed 640K, reserved 1048576K
Event: 9.605 GC heap after
Heap after GC invocations=11 (full 2):
 PSYoungGen      total 177152K, used 80644K [0x00000000eab00000, 0x00000000fe080000, 0x0000000100000000)
  eden space 72704K, 0% used [0x00000000eab00000,0x00000000eab00000,0x00000000ef200000)
  from space 104448K, 77% used [0x00000000ef200000,0x00000000f40c1008,0x00000000f5800000)
  to   space 112640K, 0% used [0x00000000f7280000,0x00000000f7280000,0x00000000fe080000)
 ParOldGen       total 202752K, used 194482K [0x00000000c0000000, 0x00000000cc600000, 0x00000000eab00000)
  object space 202752K, 95% used [0x00000000c0000000,0x00000000cbdec8a0,0x00000000cc600000)
 Metaspace       used 5372K, capacity 6672K, committed 6784K, reserved 1056768K
  class space    used 504K, capacity 584K, committed 640K, reserved 1048576K
}
Event: 9.605 GC heap before
{Heap before GC invocations=12 (full 3):
 PSYoungGen      total 177152K, used 80644K [0x00000000eab00000, 0x00000000fe080000, 0x0000000100000000)
  eden space 72704K, 0% used [0x00000000eab00000,0x00000000eab00000,0x00000000ef200000)
  from space 104448K, 77% used [0x00000000ef200000,0x00000000f40c1008,0x00000000f5800000)
  to   space 112640K, 0% used [0x00000000f7280000,0x00000000f7280000,0x00000000fe080000)
 ParOldGen       total 202752K, used 194482K [0x00000000c0000000, 0x00000000cc600000, 0x00000000eab00000)
  object space 202752K, 95% used [0x00000000c0000000,0x00000000cbdec8a0,0x00000000cc600000)
 Metaspace       used 5372K, capacity 6672K, committed 6784K, reserved 1056768K
  class space    used 504K, capacity 584K, committed 640K, reserved 1048576K
Event: 11.826 GC heap after
Heap after GC invocations=12 (full 3):
 PSYoungGen      total 177152K, used 68456K [0x00000000eab00000, 0x00000000fe080000, 0x0000000100000000)
  eden space 72704K, 0% used [0x00000000eab00000,0x00000000eab00000,0x00000000ef200000)
  from space 104448K, 65% used [0x00000000ef200000,0x00000000f34da288,0x00000000f5800000)
  to   space 112640K, 0% used [0x00000000f7280000,0x00000000f7280000,0x00000000fe080000)
 ParOldGen       total 334848K, used 202456K [0x00000000c0000000, 0x00000000d4700000, 0x00000000eab00000)
  object space 334848K, 60% used [0x00000000c0000000,0x00000000cc5b6098,0x00000000d4700000)
 Metaspace       used 5372K, capacity 6672K, committed 6784K, reserved 1056768K
  class space    used 504K, capacity 584K, committed 640K, reserved 1048576K
}
Event: 12.486 GC heap before
{Heap before GC invocations=13 (full 3):
 PSYoungGen      total 177152K, used 141160K [0x00000000eab00000, 0x00000000fe080000, 0x0000000100000000)
  eden space 72704K, 100% used [0x00000000eab00000,0x00000000ef200000,0x00000000ef200000)
  from space 104448K, 65% used [0x00000000ef200000,0x00000000f34da288,0x00000000f5800000)
  to   space 112640K, 0% used [0x00000000f7280000,0x00000000f7280000,0x00000000fe080000)
 ParOldGen       total 334848K, used 202456K [0x00000000c0000000, 0x00000000d4700000, 0x00000000eab00000)
  object space 334848K, 60% used [0x00000000c0000000,0x00000000cc5b6098,0x00000000d4700000)
 Metaspace       used 5380K, capacity 6672K, committed 6784K, reserved 1056768K
  class space    used 505K, capacity 584K, committed 640K, reserved 1048576K
Event: 13.030 GC heap after
Heap after GC invocations=13 (full 3):
 PSYoungGen      total 200704K, used 110044K [0x00000000eab00000, 0x00000000fe680000, 0x0000000100000000)
  eden space 88064K, 0% used [0x00000000eab00000,0x00000000eab00000,0x00000000f0100000)
  from space 112640K, 97% used [0x00000000f7280000,0x00000000fddf71b8,0x00000000fe080000)
  to   space 116224K, 0% used [0x00000000f0100000,0x00000000f0100000,0x00000000f7280000)
 ParOldGen       total 334848K, used 202456K [0x00000000c0000000, 0x00000000d4700000, 0x00000000eab00000)
  object space 334848K, 60% used [0x00000000c0000000,0x00000000cc5b6098,0x00000000d4700000)
 Metaspace       used 5380K, capacity 6672K, committed 6784K, reserved 1056768K
  class space    used 505K, capacity 584K, committed 640K, reserved 1048576K
}
Event: 15.202 GC heap before
{Heap before GC invocations=14 (full 3):
 PSYoungGen      total 200704K, used 198108K [0x00000000eab00000, 0x00000000fe680000, 0x0000000100000000)
  eden space 88064K, 100% used [0x00000000eab00000,0x00000000f0100000,0x00000000f0100000)
  from space 112640K, 97% used [0x00000000f7280000,0x00000000fddf71b8,0x00000000fe080000)
  to   space 116224K, 0% used [0x00000000f0100000,0x00000000f0100000,0x00000000f7280000)
 ParOldGen       total 334848K, used 202456K [0x00000000c0000000, 0x00000000d4700000, 0x00000000eab00000)
  object space 334848K, 60% used [0x00000000c0000000,0x00000000cc5b6098,0x00000000d4700000)
 Metaspace       used 5720K, capacity 6928K, committed 7040K, reserved 1056768K
  class space    used 524K, capacity 584K, committed 640K, reserved 1048576K

