# JRE version: OpenJDK Runtime Environment (8.0_91-b14) (build 1.8.0_91-8u91-b14-0ubuntu4~12.04-b14)
# Java VM: OpenJDK 64-Bit Server VM (25.91-b14 mixed mode linux-amd64 compressed oops)
Heap:
 PSYoungGen      total 91648K, used 91633K [0x00000000eab00000, 0x00000000f7900000, 0x0000000100000000)
  eden space 88064K, 100% used [0x00000000eab00000,0x00000000f0100000,0x00000000f0100000)
  from space 3584K, 99% used [0x00000000f0100000,0x00000000f047c748,0x00000000f0480000)
  to   space 17408K, 40% used [0x00000000f6800000,0x00000000f6eedc00,0x00000000f7900000)
 ParOldGen       total 58880K, used 32836K [0x00000000c0000000, 0x00000000c3980000, 0x00000000eab00000)
  object space 58880K, 55% used [0x00000000c0000000,0x00000000c2011240,0x00000000c3980000)
 Metaspace       used 6093K, capacity 7152K, committed 7296K, reserved 1056768K
  class space    used 573K, capacity 616K, committed 640K, reserved 1048576K
GC Heap History (10 events):
Event: 0.690 GC heap after
Heap after GC invocations=1 (full 0):
 PSYoungGen      total 25600K, used 3560K [0x00000000eab00000, 0x00000000edd00000, 0x0000000100000000)
  eden space 22016K, 0% used [0x00000000eab00000,0x00000000eab00000,0x00000000ec080000)
  from space 3584K, 99% used [0x00000000ec080000,0x00000000ec3fa2b0,0x00000000ec400000)
  to   space 3584K, 0% used [0x00000000ed980000,0x00000000ed980000,0x00000000edd00000)
 ParOldGen       total 58880K, used 2227K [0x00000000c0000000, 0x00000000c3980000, 0x00000000eab00000)
  object space 58880K, 3% used [0x00000000c0000000,0x00000000c022ce70,0x00000000c3980000)
 Metaspace       used 5324K, capacity 6640K, committed 6784K, reserved 1056768K
  class space    used 539K, capacity 616K, committed 640K, reserved 1048576K
}
Event: 0.925 GC heap before
{Heap before GC invocations=2 (full 0):
 PSYoungGen      total 25600K, used 25576K [0x00000000eab00000, 0x00000000edd00000, 0x0000000100000000)
  eden space 22016K, 100% used [0x00000000eab00000,0x00000000ec080000,0x00000000ec080000)
  from space 3584K, 99% used [0x00000000ec080000,0x00000000ec3fa2b0,0x00000000ec400000)
  to   space 3584K, 0% used [0x00000000ed980000,0x00000000ed980000,0x00000000edd00000)
 ParOldGen       total 58880K, used 2227K [0x00000000c0000000, 0x00000000c3980000, 0x00000000eab00000)
  object space 58880K, 3% used [0x00000000c0000000,0x00000000c022ce70,0x00000000c3980000)
 Metaspace       used 5559K, capacity 6768K, committed 7040K, reserved 1056768K
  class space    used 554K, capacity 616K, committed 640K, reserved 1048576K
Event: 0.943 GC heap after
Heap after GC invocations=2 (full 0):
 PSYoungGen      total 47616K, used 3571K [0x00000000eab00000, 0x00000000edd00000, 0x0000000100000000)
  eden space 44032K, 0% used [0x00000000eab00000,0x00000000eab00000,0x00000000ed600000)
  from space 3584K, 99% used [0x00000000ed980000,0x00000000edcfcfc0,0x00000000edd00000)
  to   space 3584K, 0% used [0x00000000ed600000,0x00000000ed600000,0x00000000ed980000)
 ParOldGen       total 58880K, used 5539K [0x00000000c0000000, 0x00000000c3980000, 0x00000000eab00000)
  object space 58880K, 9% used [0x00000000c0000000,0x00000000c0568cf8,0x00000000c3980000)
 Metaspace       used 5559K, capacity 6768K, committed 7040K, reserved 1056768K
  class space    used 554K, capacity 616K, committed 640K, reserved 1048576K
}
Event: 1.290 GC heap before
{Heap before GC invocations=3 (full 0):
 PSYoungGen      total 47616K, used 47603K [0x00000000eab00000, 0x00000000edd00000, 0x0000000100000000)
  eden space 44032K, 100% used [0x00000000eab00000,0x00000000ed600000,0x00000000ed600000)
  from space 3584K, 99% used [0x00000000ed980000,0x00000000edcfcfc0,0x00000000edd00000)
  to   space 3584K, 0% used [0x00000000ed600000,0x00000000ed600000,0x00000000ed980000)
 ParOldGen       total 58880K, used 5539K [0x00000000c0000000, 0x00000000c3980000, 0x00000000eab00000)
  object space 58880K, 9% used [0x00000000c0000000,0x00000000c0568cf8,0x00000000c3980000)
 Metaspace       used 5719K, capacity 6960K, committed 7040K, reserved 1056768K
  class space    used 554K, capacity 616K, committed 640K, reserved 1048576K
Event: 1.319 GC heap after
Heap after GC invocations=3 (full 0):
 PSYoungGen      total 47616K, used 3572K [0x00000000eab00000, 0x00000000f0800000, 0x0000000100000000)
  eden space 44032K, 0% used [0x00000000eab00000,0x00000000eab00000,0x00000000ed600000)
  from space 3584K, 99% used [0x00000000ed600000,0x00000000ed97d260,0x00000000ed980000)
  to   space 3584K, 0% used [0x00000000f0480000,0x00000000f0480000,0x00000000f0800000)
 ParOldGen       total 58880K, used 12688K [0x00000000c0000000, 0x00000000c3980000, 0x00000000eab00000)
  object space 58880K, 21% used [0x00000000c0000000,0x00000000c0c640c0,0x00000000c3980000)
 Metaspace       used 5719K, capacity 6960K, committed 7040K, reserved 1056768K
  class space    used 554K, capacity 616K, committed 640K, reserved 1048576K
}
Event: 1.601 GC heap before
{Heap before GC invocations=4 (full 0):
 PSYoungGen      total 47616K, used 47604K [0x00000000eab00000, 0x00000000f0800000, 0x0000000100000000)
  eden space 44032K, 100% used [0x00000000eab00000,0x00000000ed600000,0x00000000ed600000)
  from space 3584K, 99% used [0x00000000ed600000,0x00000000ed97d260,0x00000000ed980000)
  to   space 3584K, 0% used [0x00000000f0480000,0x00000000f0480000,0x00000000f0800000)
 ParOldGen       total 58880K, used 12688K [0x00000000c0000000, 0x00000000c3980000, 0x00000000eab00000)
  object space 58880K, 21% used [0x00000000c0000000,0x00000000c0c640c0,0x00000000c3980000)
 Metaspace       used 5737K, capacity 6960K, committed 7040K, reserved 1056768K
  class space    used 554K, capacity 616K, committed 640K, reserved 1048576K
Event: 1.630 GC heap after
Heap after GC invocations=4 (full 0):
 PSYoungGen      total 91648K, used 3554K [0x00000000eab00000, 0x00000000f0800000, 0x0000000100000000)
  eden space 88064K, 0% used [0x00000000eab00000,0x00000000eab00000,0x00000000f0100000)
  from space 3584K, 99% used [0x00000000f0480000,0x00000000f07f8a30,0x00000000f0800000)
  to   space 3584K, 0% used [0x00000000f0100000,0x00000000f0100000,0x00000000f0480000)
 ParOldGen       total 58880K, used 19730K [0x00000000c0000000, 0x00000000c3980000, 0x00000000eab00000)
  object space 58880K, 33% used [0x00000000c0000000,0x00000000c1344828,0x00000000c3980000)
 Metaspace       used 5737K, capacity 6960K, committed 7040K, reserved 1056768K
  class space    used 554K, capacity 616K, committed 640K, reserved 1048576K
}
Event: 2.185 GC heap before
{Heap before GC invocations=5 (full 0):
 PSYoungGen      total 91648K, used 91618K [0x00000000eab00000, 0x00000000f0800000, 0x0000000100000000)
  eden space 88064K, 100% used [0x00000000eab00000,0x00000000f0100000,0x00000000f0100000)
  from space 3584K, 99% used [0x00000000f0480000,0x00000000f07f8a30,0x00000000f0800000)
  to   space 3584K, 0% used [0x00000000f0100000,0x00000000f0100000,0x00000000f0480000)
 ParOldGen       total 58880K, used 19730K [0x00000000c0000000, 0x00000000c3980000, 0x00000000eab00000)
  object space 58880K, 33% used [0x00000000c0000000,0x00000000c1344828,0x00000000c3980000)
 Metaspace       used 5828K, capacity 7024K, committed 7296K, reserved 1056768K
  class space    used 554K, capacity 616K, committed 640K, reserved 1048576K
Event: 2.249 GC heap after
Heap after GC invocations=5 (full 0):
 PSYoungGen      total 91648K, used 3569K [0x00000000eab00000, 0x00000000f7900000, 0x0000000100000000)
  eden space 88064K, 0% used [0x00000000eab00000,0x00000000eab00000,0x00000000f0100000)
  from space 3584K, 99% used [0x00000000f0100000,0x00000000f047c748,0x00000000f0480000)
  to   space 17408K, 0% used [0x00000000f6800000,0x00000000f6800000,0x00000000f7900000)
 ParOldGen       total 58880K, used 32836K [0x00000000c0000000, 0x00000000c3980000, 0x00000000eab00000)
  object space 58880K, 55% used [0x00000000c0000000,0x00000000c2011240,0x00000000c3980000)
 Metaspace       used 5828K, capacity 7024K, committed 7296K, reserved 1056768K
  class space    used 554K, capacity 616K, committed 640K, reserved 1048576K
}
Event: 2.786 GC heap before
{Heap before GC invocations=6 (full 0):
 PSYoungGen      total 91648K, used 91633K [0x00000000eab00000, 0x00000000f7900000, 0x0000000100000000)
  eden space 88064K, 100% used [0x00000000eab00000,0x00000000f0100000,0x00000000f0100000)
  from space 3584K, 99% used [0x00000000f0100000,0x00000000f047c748,0x00000000f0480000)
  to   space 17408K, 0% used [0x00000000f6800000,0x00000000f6800000,0x00000000f7900000)
 ParOldGen       total 58880K, used 32836K [0x00000000c0000000, 0x00000000c3980000, 0x00000000eab00000)
  object space 58880K, 55% used [0x00000000c0000000,0x00000000c2011240,0x00000000c3980000)
 Metaspace       used 6093K, capacity 7152K, committed 7296K, reserved 1056768K
  class space    used 573K, capacity 616K, committed 640K, reserved 1048576K

